[2026-02-09 21:41:43] local.ERROR: Booking Payment Update Error {"message":"No query results for model [App\\Models\\BookingPayment] 99","line":496,"file":"E:\\NexErp\\New folder\\vendor\\laravel\\framework\\src\\Illuminate\\Database\\Eloquent\\Builder.php"} 
[2026-02-09 21:42:37] local.ERROR: Booking Payment Update Error {"message":"The payment date does not match the format d/m/Y.","line":343,"file":"E:\\NexErp\\New folder\\vendor\\laravel\\framework\\src\\Illuminate\\Support\\helpers.php"} 
[2026-02-09 21:42:48] local.ERROR: Booking Payment Update Error {"message":"The payment date does not match the format d/m/Y.","line":343,"file":"E:\\NexErp\\New folder\\vendor\\laravel\\framework\\src\\Illuminate\\Support\\helpers.php"} 
[2026-02-09 21:42:54] local.ERROR: Booking Payment Update Error {"message":"The payment date does not match the format d/m/Y.","line":343,"file":"E:\\NexErp\\New folder\\vendor\\laravel\\framework\\src\\Illuminate\\Support\\helpers.php"} 
[2026-02-09 21:48:24] local.ERROR: Booking Payment Update Error {"message":"SQLSTATE[42S22]: Column not found: 1054 Unknown column 'price' in 'field list' (Connection: mysql, SQL: update `cattle_bookings` set `cattle_name` = 2515, `price` = 10, `payment_date` = 2026-02-04, `cattle_bookings`.`updated_at` = 2026-02-09 21:48:23 where `id` = 91)","line":829,"file":"E:\\NexErp\\New folder\\vendor\\laravel\\framework\\src\\Illuminate\\Database\\Connection.php"} 
[2026-02-09 22:02:55] local.ERROR: Too few arguments to function App\Http\Controllers\Admin\BookingController::updatePayment(), 1 passed in E:\NexErp\New folder\vendor\laravel\framework\src\Illuminate\Routing\Controller.php on line 54 and exactly 2 expected {"exception":"[object] (ArgumentCountError(code: 0): Too few arguments to function App\\Http\\Controllers\\Admin\\BookingController::updatePayment(), 1 passed in E:\\NexErp\\New folder\\vendor\\laravel\\framework\\src\\Illuminate\\Routing\\Controller.php on line 54 and exactly 2 expected at E:\\NexErp\\New folder\\app\\Http\\Controllers\\Admin\\BookingController.php:733)
[stacktrace]
#0 E:\\NexErp\\New folder\\vendor\\laravel\\framework\\src\\Illuminate\\Routing\\Controller.php(54): App\\Http\\Controllers\\Admin\\BookingController->updatePayment(Object(Illuminate\\Http\\Request))
#1 E:\\NexErp\\New folder\\vendor\\laravel\\framework\\src\\Illuminate\\Routing\\ControllerDispatcher.php(43): Illuminate\\Routing\\Controller->callAction('updatePayment', Array)
#2 E:\\NexErp\\New folder\\vendor\\laravel\\framework\\src\\Illuminate\\Routing\\Route.php(259): Illuminate\\Routing\\ControllerDispatcher->dispatch(Object(Illuminate\\Routing\\Route), Object(App\\Http\\Controllers\\Admin\\BookingController), 'updatePayment')
#3 E:\\NexErp\\New folder\\vendor\\laravel\\framework\\src\\Illuminate\\Routing\\Route.php(205): Illuminate\\Routing\\Route->runController()
#4 E:\\NexErp\\New folder\\vendor\\laravel\\framework\\src\\Illuminate\\Routing\\Router.php(806): Illuminate\\Routing\\Route->run()
#5 E:\\NexErp\\New folder\\vendor\\laravel\\framework\\src\\Illuminate\\Pipeline\\Pipeline.php(144): Illuminate\\Routing\\Router->Illuminate\\Routing\\{closure}(Object(Illuminate\\Http\\Request))
#6 E:\\NexErp\\New folder\\app\\Http\\Middleware\\RedirectIfNotAdmin.php(22): Illuminate\\Pipeline\\Pipeline->Illuminate\\Pipeline\\{closure}(Object(Illuminate\\Http\\Request))
#7 E:\\NexErp\\New folder\\vendor\\laravel\\framework\\src\\Illuminate\\Pipeline\\Pipeline.php(183): App\\Http\\Middleware\\RedirectIfNotAdmin->handle(Object(Illuminate\\Http\\Request), Object(Closure))
#8 E:\\NexErp\\New folder\\vendor\\barryvdh\\laravel-debugbar\\src\\Middleware\\InjectDebugbar.php(66): Illuminate\\Pipeline\\Pipeline->Illuminate\\Pipeline\\{closure}(Object(Illuminate\\Http\\Request))
#9 E:\\NexErp\\New folder\\vendor\\laravel\\framework\\src\\Illuminate\\Pipeline\\Pipeline.php(183): Barryvdh\\Debugbar\\Middleware\\InjectDebugbar->handle(Object(Illuminate\\Http\\Request), Object(Closure))
#10 E:\\NexErp\\New folder\\app\\Http\\Middleware\\LanguageMiddleware.php(22): Illuminate\\Pipeline\\Pipeline->Illuminate\\Pipeline\\{closure}(Object(Illuminate\\Http\\Request))
#11 E:\\NexErp\\New folder\\vendor\\laravel\\framework\\src\\Illuminate\\Pipeline\\Pipeline.php(183): App\\Http\\Middleware\\LanguageMiddleware->handle(Object(Illuminate\\Http\\Request), Object(Closure))
#12 E:\\NexErp\\New folder\\vendor\\laravel\\framework\\src\\Illuminate\\Routing\\Middleware\\SubstituteBindings.php(50): Illuminate\\Pipeline\\Pipeline->Illuminate\\Pipeline\\{closure}(Object(Illuminate\\Http\\Request))
#13 E:\\NexErp\\New folder\\vendor\\laravel\\framework\\src\\Illuminate\\Pipeline\\Pipeline.php(183): Illuminate\\Routing\\Middleware\\SubstituteBindings->handle(Object(Illuminate\\Http\\Request), Object(Closure))
#14 E:\\NexErp\\New folder\\vendor\\laravel\\framework\\src\\Illuminate\\Foundation\\Http\\Middleware\\VerifyCsrfToken.php(78): Illuminate\\Pipeline\\Pipeline->Illuminate\\Pipeline\\{closure}(Object(Illuminate\\Http\\Request))
#15 E:\\NexErp\\New folder\\vendor\\laravel\\framework\\src\\Illuminate\\Pipeline\\Pipeline.php(183): Illuminate\\Foundation\\Http\\Middleware\\VerifyCsrfToken->handle(Object(Illuminate\\Http\\Request), Object(Closure))
#16 E:\\NexErp\\New folder\\vendor\\laravel\\framework\\src\\Illuminate\\View\\Middleware\\ShareErrorsFromSession.php(49): Illuminate\\Pipeline\\Pipeline->Illuminate\\Pipeline\\{closure}(Object(Illuminate\\Http\\Request))
#17 E:\\NexErp\\New folder\\vendor\\laravel\\framework\\src\\Illuminate\\Pipeline\\Pipeline.php(183): Illuminate\\View\\Middleware\\ShareErrorsFromSession->handle(Object(Illuminate\\Http\\Request), Object(Closure))
#18 E:\\NexErp\\New folder\\vendor\\laravel\\framework\\src\\Illuminate\\Session\\Middleware\\StartSession.php(121): Illuminate\\Pipeline\\Pipeline->Illuminate\\Pipeline\\{closure}(Object(Illuminate\\Http\\Request))
#19 E:\\NexErp\\New folder\\vendor\\laravel\\framework\\src\\Illuminate\\Session\\Middleware\\StartSession.php(64): Illuminate\\Session\\Middleware\\StartSession->handleStatefulRequest(Object(Illuminate\\Http\\Request), Object(Illuminate\\Session\\Store), Object(Closure))
#20 E:\\NexErp\\New folder\\vendor\\laravel\\framework\\src\\Illuminate\\Pipeline\\Pipeline.php(183): Illuminate\\Session\\Middleware\\StartSession->handle(Object(Illuminate\\Http\\Request), Object(Closure))
#21 E:\\NexErp\\New folder\\vendor\\laravel\\framework\\src\\Illuminate\\Cookie\\Middleware\\AddQueuedCookiesToResponse.php(37): Illuminate\\Pipeline\\Pipeline->Illuminate\\Pipeline\\{closure}(Object(Illuminate\\Http\\Request))
#22 E:\\NexErp\\New folder\\vendor\\laravel\\framework\\src\\Illuminate\\Pipeline\\Pipeline.php(183): Illuminate\\Cookie\\Middleware\\AddQueuedCookiesToResponse->handle(Object(Illuminate\\Http\\Request), Object(Closure))
#23 E:\\NexErp\\New folder\\vendor\\laravel\\framework\\src\\Illuminate\\Cookie\\Middleware\\EncryptCookies.php(67): Illuminate\\Pipeline\\Pipeline->Illuminate\\Pipeline\\{closure}(Object(Illuminate\\Http\\Request))
#24 E:\\NexErp\\New folder\\vendor\\laravel\\framework\\src\\Illuminate\\Pipeline\\Pipeline.php(183): Illuminate\\Cookie\\Middleware\\EncryptCookies->handle(Object(Illuminate\\Http\\Request), Object(Closure))
#25 E:\\NexErp\\New folder\\vendor\\laravel\\framework\\src\\Illuminate\\Pipeline\\Pipeline.php(119): Illuminate\\Pipeline\\Pipeline->Illuminate\\Pipeline\\{closure}(Object(Illuminate\\Http\\Request))
#26 E:\\NexErp\\New folder\\vendor\\laravel\\framework\\src\\Illuminate\\Routing\\Router.php(805): Illuminate\\Pipeline\\Pipeline->then(Object(Closure))
#27 E:\\NexErp\\New folder\\vendor\\laravel\\framework\\src\\Illuminate\\Routing\\Router.php(784): Illuminate\\Routing\\Router->runRouteWithinStack(Object(Illuminate\\Routing\\Route), Object(Illuminate\\Http\\Request))
#28 E:\\NexErp\\New folder\\vendor\\laravel\\framework\\src\\Illuminate\\Routing\\Router.php(748): Illuminate\\Routing\\Router->runRoute(Object(Illuminate\\Http\\Request), Object(Illuminate\\Routing\\Route))
#29 E:\\NexErp\\New folder\\vendor\\laravel\\framework\\src\\Illuminate\\Routing\\Router.php(737): Illuminate\\Routing\\Router->dispatchToRoute(Object(Illuminate\\Http\\Request))
#30 E:\\NexErp\\New folder\\vendor\\laravel\\framework\\src\\Illuminate\\Foundation\\Http\\Kernel.php(200): Illuminate\\Routing\\Router->dispatch(Object(Illuminate\\Http\\Request))
#31 E:\\NexErp\\New folder\\vendor\\laravel\\framework\\src\\Illuminate\\Pipeline\\Pipeline.php(144): Illuminate\\Foundation\\Http\\Kernel->Illuminate\\Foundation\\Http\\{closure}(Object(Illuminate\\Http\\Request))
#32 E:\\NexErp\\New folder\\vendor\\beyondcode\\laravel-query-detector\\src\\QueryDetectorMiddleware.php(33): Illuminate\\Pipeline\\Pipeline->Illuminate\\Pipeline\\{closure}(Object(Illuminate\\Http\\Request))
#33 E:\\NexErp\\New folder\\vendor\\laravel\\framework\\src\\Illuminate\\Pipeline\\Pipeline.php(183): BeyondCode\\QueryDetector\\QueryDetectorMiddleware->handle(Object(Illuminate\\Http\\Request), Object(Closure))
#34 E:\\NexErp\\New folder\\vendor\\barryvdh\\laravel-debugbar\\src\\Middleware\\InjectDebugbar.php(66): Illuminate\\Pipeline\\Pipeline->Illuminate\\Pipeline\\{closure}(Object(Illuminate\\Http\\Request))
#35 E:\\NexErp\\New folder\\vendor\\laravel\\framework\\src\\Illuminate\\Pipeline\\Pipeline.php(183): Barryvdh\\Debugbar\\Middleware\\InjectDebugbar->handle(Object(Illuminate\\Http\\Request), Object(Closure))
#36 E:\\NexErp\\New folder\\vendor\\laravel\\framework\\src\\Illuminate\\Foundation\\Http\\Middleware\\TransformsRequest.php(21): Illuminate\\Pipeline\\Pipeline->Illuminate\\Pipeline\\{closure}(Object(Illuminate\\Http\\Request))
#37 E:\\NexErp\\New folder\\vendor\\laravel\\framework\\src\\Illuminate\\Foundation\\Http\\Middleware\\ConvertEmptyStringsToNull.php(31): Illuminate\\Foundation\\Http\\Middleware\\TransformsRequest->handle(Object(Illuminate\\Http\\Request), Object(Closure))
#38 E:\\NexErp\\New folder\\vendor\\laravel\\framework\\src\\Illuminate\\Pipeline\\Pipeline.php(183): Illuminate\\Foundation\\Http\\Middleware\\ConvertEmptyStringsToNull->handle(Object(Illuminate\\Http\\Request), Object(Closure))
#39 E:\\NexErp\\New folder\\vendor\\laravel\\framework\\src\\Illuminate\\Foundation\\Http\\Middleware\\TransformsRequest.php(21): Illuminate\\Pipeline\\Pipeline->Illuminate\\Pipeline\\{closure}(Object(Illuminate\\Http\\Request))
#40 E:\\NexErp\\New folder\\vendor\\laravel\\framework\\src\\Illuminate\\Foundation\\Http\\Middleware\\TrimStrings.php(40): Illuminate\\Foundation\\Http\\Middleware\\TransformsRequest->handle(Object(Illuminate\\Http\\Request), Object(Closure))
#41 E:\\NexErp\\New folder\\vendor\\laravel\\framework\\src\\Illuminate\\Pipeline\\Pipeline.php(183): Illuminate\\Foundation\\Http\\Middleware\\TrimStrings->handle(Object(Illuminate\\Http\\Request), Object(Closure))
#42 E:\\NexErp\\New folder\\vendor\\laravel\\framework\\src\\Illuminate\\Foundation\\Http\\Middleware\\ValidatePostSize.php(27): Illuminate\\Pipeline\\Pipeline->Illuminate\\Pipeline\\{closure}(Object(Illuminate\\Http\\Request))
#43 E:\\NexErp\\New folder\\vendor\\laravel\\framework\\src\\Illuminate\\Pipeline\\Pipeline.php(183): Illuminate\\Foundation\\Http\\Middleware\\ValidatePostSize->handle(Object(Illuminate\\Http\\Request), Object(Closure))
#44 E:\\NexErp\\New folder\\vendor\\laravel\\framework\\src\\Illuminate\\Foundation\\Http\\Middleware\\PreventRequestsDuringMaintenance.php(99): Illuminate\\Pipeline\\Pipeline->Illuminate\\Pipeline\\{closure}(Object(Illuminate\\Http\\Request))
#45 E:\\NexErp\\New folder\\vendor\\laravel\\framework\\src\\Illuminate\\Pipeline\\Pipeline.php(183): Illuminate\\Foundation\\Http\\Middleware\\PreventRequestsDuringMaintenance->handle(Object(Illuminate\\Http\\Request), Object(Closure))
#46 E:\\NexErp\\New folder\\vendor\\laravel\\framework\\src\\Illuminate\\Http\\Middleware\\HandleCors.php(49): Illuminate\\Pipeline\\Pipeline->Illuminate\\Pipeline\\{closure}(Object(Illuminate\\Http\\Request))
#47 E:\\NexErp\\New folder\\vendor\\laravel\\framework\\src\\Illuminate\\Pipeline\\Pipeline.php(183): Illuminate\\Http\\Middleware\\HandleCors->handle(Object(Illuminate\\Http\\Request), Object(Closure))
#48 E:\\NexErp\\New folder\\vendor\\laravel\\framework\\src\\Illuminate\\Http\\Middleware\\TrustProxies.php(39): Illuminate\\Pipeline\\Pipeline->Illuminate\\Pipeline\\{closure}(Object(Illuminate\\Http\\Request))
#49 E:\\NexErp\\New folder\\vendor\\laravel\\framework\\src\\Illuminate\\Pipeline\\Pipeline.php(183): Illuminate\\Http\\Middleware\\TrustProxies->handle(Object(Illuminate\\Http\\Request), Object(Closure))
#50 E:\\NexErp\\New folder\\vendor\\laravel\\framework\\src\\Illuminate\\Pipeline\\Pipeline.php(119): Illuminate\\Pipeline\\Pipeline->Illuminate\\Pipeline\\{closure}(Object(Illuminate\\Http\\Request))
#51 E:\\NexErp\\New folder\\vendor\\laravel\\framework\\src\\Illuminate\\Foundation\\Http\\Kernel.php(175): Illuminate\\Pipeline\\Pipeline->then(Object(Closure))
#52 E:\\NexErp\\New folder\\vendor\\laravel\\framework\\src\\Illuminate\\Foundation\\Http\\Kernel.php(144): Illuminate\\Foundation\\Http\\Kernel->sendRequestThroughRouter(Object(Illuminate\\Http\\Request))
#53 E:\\NexErp\\New folder\\public\\index.php(51): Illuminate\\Foundation\\Http\\Kernel->handle(Object(Illuminate\\Http\\Request))
#54 E:\\NexErp\\New folder\\vendor\\laravel\\framework\\src\\Illuminate\\Foundation\\resources\\server.php(16): require_once('E:\\\\NexErp\\\\New f...')
#55 {main}
"} 
[2026-02-09 22:03:39] local.ERROR: Booking Payment Update Error {"message":"The payment date does not match the format d/m/Y.","line":343,"file":"E:\\NexErp\\New folder\\vendor\\laravel\\framework\\src\\Illuminate\\Support\\helpers.php"} 
[2026-02-09 22:14:58] local.ERROR: Booking Payment Update Error {"message":"The cattle booking ids field is required. (and 1 more error)","line":343,"file":"E:\\NexErp\\New folder\\vendor\\laravel\\framework\\src\\Illuminate\\Support\\helpers.php"} 
[2026-02-09 22:15:24] local.ERROR: Booking Payment Update Error {"message":"The payment date does not match the format d/m/Y.","line":343,"file":"E:\\NexErp\\New folder\\vendor\\laravel\\framework\\src\\Illuminate\\Support\\helpers.php"} 
[2026-02-09 22:15:37] local.ERROR: Booking Payment Update Error {"message":"The payment date does not match the format d/m/Y.","line":343,"file":"E:\\NexErp\\New folder\\vendor\\laravel\\framework\\src\\Illuminate\\Support\\helpers.php"} 
[2026-02-09 22:19:42] local.ERROR: Booking Payment Update Error {"message":"The payment date field is required.","line":343,"file":"E:\\NexErp\\New folder\\vendor\\laravel\\framework\\src\\Illuminate\\Support\\helpers.php"} 
[2026-02-09 22:20:31] local.ERROR: Booking Payment Update Error {"message":"No query results for model [App\\Models\\BookingPayment].","line":496,"file":"E:\\NexErp\\New folder\\vendor\\laravel\\framework\\src\\Illuminate\\Database\\Eloquent\\Builder.php"} 
[2026-02-09 22:20:38] local.ERROR: Booking Payment Update Error {"message":"No query results for model [App\\Models\\BookingPayment].","line":496,"file":"E:\\NexErp\\New folder\\vendor\\laravel\\framework\\src\\Illuminate\\Database\\Eloquent\\Builder.php"} 
[2026-02-09 22:21:15] local.ERROR: Booking Payment Update Error {"message":"The cattle booking ids field is required.","line":343,"file":"E:\\NexErp\\New folder\\vendor\\laravel\\framework\\src\\Illuminate\\Support\\helpers.php"} 
[2026-02-16 19:59:34] local.ERROR: Unmatched ')' {"view":{"view":"E:\\NexErp\\New folder\\resources\\views\\admin\\booking_payment\\create.blade.php","data":{"setting":"<pre class=sf-dump id=sf-dump-2144299269 data-indent-pad=\"  \"><span class=sf-dump-note>App\\Models\\Setting</span> {<a class=sf-dump-ref>#252</a><samp data-depth=1 class=sf-dump-expanded>
  #<span class=sf-dump-protected title=\"Protected property\">connection</span>: \"<span class=sf-dump-str title=\"5 characters\">mysql</span>\"
  #<span class=sf-dump-protected title=\"Protected property\">table</span>: \"<span class=sf-dump-str title=\"8 characters\">settings</span>\"
  #<span class=sf-dump-protected title=\"Protected property\">primaryKey</span>: \"<span class=sf-dump-str title=\"2 characters\">id</span>\"
  #<span class=sf-dump-protected title=\"Protected property\">keyType</span>: \"<span class=sf-dump-str title=\"3 characters\">int</span>\"
  +<span class=sf-dump-public title=\"Public property\">incrementing</span>: <span class=sf-dump-const>true</span>
  #<span class=sf-dump-protected title=\"Protected property\">with</span>: []
  #<span class=sf-dump-protected title=\"Protected property\">withCount</span>: []
  +<span class=sf-dump-public title=\"Public property\">preventsLazyLoading</span>: <span class=sf-dump-const>false</span>
  #<span class=sf-dump-protected title=\"Protected property\">perPage</span>: <span class=sf-dump-num>15</span>
  +<span class=sf-dump-public title=\"Public property\">exists</span>: <span class=sf-dump-const>true</span>
  +<span class=sf-dump-public title=\"Public property\">wasRecentlyCreated</span>: <span class=sf-dump-const>false</span>
  #<span class=sf-dump-protected title=\"Protected property\">escapeWhenCastingToString</span>: <span class=sf-dump-const>false</span>
  #<span class=sf-dump-protected title=\"Protected property\">attributes</span>: <span class=sf-dump-note>array:27</span> [<samp data-depth=2 class=sf-dump-compact>
    \"<span class=sf-dump-key>id</span>\" => <span class=sf-dump-num>1</span>
    \"<span class=sf-dump-key>site_name</span>\" => \"<span class=sf-dump-str title=\"16 characters\">RK AGRO FARM LTD</span>\"
    \"<span class=sf-dump-key>site_cur</span>\" => \"<span class=sf-dump-str title=\"3 characters\">BDT</span>\"
    \"<span class=sf-dump-key>cur_sym</span>\" => \"<span class=sf-dump-str>$</span>\"
    \"<span class=sf-dump-key>email_from</span>\" => \"<span class=sf-dump-str title=\"15 characters\">info@w3hunt.com</span>\"
    \"<span class=sf-dump-key>email_template</span>\" => \"<span class=sf-dump-str title=\"62 characters\">&lt;p&gt;Hi {{fullname}} ({{username}}),&amp;nbsp;&lt;/p&gt;&lt;p&gt;{{message}}&lt;/p&gt;</span>\"
    \"<span class=sf-dump-key>sms_body</span>\" => \"<span class=sf-dump-str title=\"43 characters\">Hi {{fullname}} ({{username}}), {{message}}</span>\"
    \"<span class=sf-dump-key>sms_from</span>\" => \"<span class=sf-dump-str title=\"6 characters\">W3Hunt</span>\"
    \"<span class=sf-dump-key>mail_config</span>\" => \"<span class=sf-dump-str title=\"14 characters\">{&quot;name&quot;:&quot;php&quot;}</span>\"
    \"<span class=sf-dump-key>sms_config</span>\" => \"<span class=sf-dump-str title=\"418 characters\">{&quot;name&quot;:&quot;custom&quot;,&quot;nexmo&quot;:{&quot;api_key&quot;:&quot;------&quot;,&quot;api_secret&quot;:&quot;------&quot;},&quot;twilio&quot;:{&quot;account_sid&quot;:&quot;-----------------------&quot;,&quot;auth_token&quot;:&quot;-----------------------&quot;,&quot;from&quot;:&quot;----------------------&quot;},&quot;custom&quot;:{&quot;method&quot;:&quot;get&quot;,&quot;url&quot;:&quot;https:\\/\\/hostname\\/demo-api-v1&quot;,&quot;headers&quot;:{&quot;name&quot;:[&quot;api_key&quot;,&quot;Demo API&quot;],&quot;value&quot;:[&quot;test_api&quot;,&quot;Demo API&quot;]},&quot;body&quot;:{&quot;name&quot;:[&quot;from_number&quot;,&quot;Demo body API&quot;],&quot;value&quot;:[&quot;123-456-789&quot;,&quot;Demo body API&quot;]}}}</span>\"
    \"<span class=sf-dump-key>universal_shortcodes</span>\" => \"\"\"
      <span class=sf-dump-str title=\"132 characters\">{<span class=\"sf-dump-default sf-dump-ns\">\\r\\n</span></span>
      <span class=sf-dump-str title=\"132 characters\">    &quot;site_name&quot;:&quot;Name of your site&quot;,<span class=\"sf-dump-default sf-dump-ns\">\\r\\n</span></span>
      <span class=sf-dump-str title=\"132 characters\">    &quot;site_currency&quot;:&quot;Currency of your site&quot;,<span class=\"sf-dump-default sf-dump-ns\">\\r\\n</span></span>
      <span class=sf-dump-str title=\"132 characters\">    &quot;currency_symbol&quot;:&quot;Symbol of currency&quot;<span class=\"sf-dump-default sf-dump-ns\">\\r\\n</span></span>
      <span class=sf-dump-str title=\"132 characters\">}</span>
      \"\"\"
    \"<span class=sf-dump-key>first_color</span>\" => \"<span class=sf-dump-str title=\"6 characters\">47D195</span>\"
    \"<span class=sf-dump-key>second_color</span>\" => \"<span class=sf-dump-str title=\"6 characters\">9DE713</span>\"
    \"<span class=sf-dump-key>signup</span>\" => <span class=sf-dump-num>1</span>
    \"<span class=sf-dump-key>enforce_ssl</span>\" => <span class=sf-dump-num>0</span>
    \"<span class=sf-dump-key>agree_policy</span>\" => <span class=sf-dump-num>1</span>
    \"<span class=sf-dump-key>strong_pass</span>\" => <span class=sf-dump-num>0</span>
    \"<span class=sf-dump-key>kc</span>\" => <span class=sf-dump-num>1</span>
    \"<span class=sf-dump-key>ec</span>\" => <span class=sf-dump-num>0</span>
    \"<span class=sf-dump-key>ea</span>\" => <span class=sf-dump-num>1</span>
    \"<span class=sf-dump-key>sc</span>\" => <span class=sf-dump-num>0</span>
    \"<span class=sf-dump-key>sa</span>\" => <span class=sf-dump-num>0</span>
    \"<span class=sf-dump-key>site_maintenance</span>\" => <span class=sf-dump-num>0</span>
    \"<span class=sf-dump-key>language</span>\" => <span class=sf-dump-num>1</span>
    \"<span class=sf-dump-key>active_theme</span>\" => \"<span class=sf-dump-str title=\"7 characters\">primary</span>\"
    \"<span class=sf-dump-key>created_at</span>\" => <span class=sf-dump-const>null</span>
    \"<span class=sf-dump-key>updated_at</span>\" => \"<span class=sf-dump-str title=\"19 characters\">2025-04-19 16:17:10</span>\"
  </samp>]
  #<span class=sf-dump-protected title=\"Protected property\">original</span>: <span class=sf-dump-note>array:27</span> [<samp data-depth=2 class=sf-dump-compact>
    \"<span class=sf-dump-key>id</span>\" => <span class=sf-dump-num>1</span>
    \"<span class=sf-dump-key>site_name</span>\" => \"<span class=sf-dump-str title=\"16 characters\">RK AGRO FARM LTD</span>\"
    \"<span class=sf-dump-key>site_cur</span>\" => \"<span class=sf-dump-str title=\"3 characters\">BDT</span>\"
    \"<span class=sf-dump-key>cur_sym</span>\" => \"<span class=sf-dump-str>$</span>\"
    \"<span class=sf-dump-key>email_from</span>\" => \"<span class=sf-dump-str title=\"15 characters\">info@w3hunt.com</span>\"
    \"<span class=sf-dump-key>email_template</span>\" => \"<span class=sf-dump-str title=\"62 characters\">&lt;p&gt;Hi {{fullname}} ({{username}}),&amp;nbsp;&lt;/p&gt;&lt;p&gt;{{message}}&lt;/p&gt;</span>\"
    \"<span class=sf-dump-key>sms_body</span>\" => \"<span class=sf-dump-str title=\"43 characters\">Hi {{fullname}} ({{username}}), {{message}}</span>\"
    \"<span class=sf-dump-key>sms_from</span>\" => \"<span class=sf-dump-str title=\"6 characters\">W3Hunt</span>\"
    \"<span class=sf-dump-key>mail_config</span>\" => \"<span class=sf-dump-str title=\"14 characters\">{&quot;name&quot;:&quot;php&quot;}</span>\"
    \"<span class=sf-dump-key>sms_config</span>\" => \"<span class=sf-dump-str title=\"418 characters\">{&quot;name&quot;:&quot;custom&quot;,&quot;nexmo&quot;:{&quot;api_key&quot;:&quot;------&quot;,&quot;api_secret&quot;:&quot;------&quot;},&quot;twilio&quot;:{&quot;account_sid&quot;:&quot;-----------------------&quot;,&quot;auth_token&quot;:&quot;-----------------------&quot;,&quot;from&quot;:&quot;----------------------&quot;},&quot;custom&quot;:{&quot;method&quot;:&quot;get&quot;,&quot;url&quot;:&quot;https:\\/\\/hostname\\/demo-api-v1&quot;,&quot;headers&quot;:{&quot;name&quot;:[&quot;api_key&quot;,&quot;Demo API&quot;],&quot;value&quot;:[&quot;test_api&quot;,&quot;Demo API&quot;]},&quot;body&quot;:{&quot;name&quot;:[&quot;from_number&quot;,&quot;Demo body API&quot;],&quot;value&quot;:[&quot;123-456-789&quot;,&quot;Demo body API&quot;]}}}</span>\"
    \"<span class=sf-dump-key>universal_shortcodes</span>\" => \"\"\"
      <span class=sf-dump-str title=\"132 characters\">{<span class=\"sf-dump-default sf-dump-ns\">\\r\\n</span></span>
      <span class=sf-dump-str title=\"132 characters\">    &quot;site_name&quot;:&quot;Name of your site&quot;,<span class=\"sf-dump-default sf-dump-ns\">\\r\\n</span></span>
      <span class=sf-dump-str title=\"132 characters\">    &quot;site_currency&quot;:&quot;Currency of your site&quot;,<span class=\"sf-dump-default sf-dump-ns\">\\r\\n</span></span>
      <span class=sf-dump-str title=\"132 characters\">    &quot;currency_symbol&quot;:&quot;Symbol of currency&quot;<span class=\"sf-dump-default sf-dump-ns\">\\r\\n</span></span>
      <span class=sf-dump-str title=\"132 characters\">}</span>
      \"\"\"
    \"<span class=sf-dump-key>first_color</span>\" => \"<span class=sf-dump-str title=\"6 characters\">47D195</span>\"
    \"<span class=sf-dump-key>second_color</span>\" => \"<span class=sf-dump-str title=\"6 characters\">9DE713</span>\"
    \"<span class=sf-dump-key>signup</span>\" => <span class=sf-dump-num>1</span>
    \"<span class=sf-dump-key>enforce_ssl</span>\" => <span class=sf-dump-num>0</span>
    \"<span class=sf-dump-key>agree_policy</span>\" => <span class=sf-dump-num>1</span>
    \"<span class=sf-dump-key>strong_pass</span>\" => <span class=sf-dump-num>0</span>
    \"<span class=sf-dump-key>kc</span>\" => <span class=sf-dump-num>1</span>
    \"<span class=sf-dump-key>ec</span>\" => <span class=sf-dump-num>0</span>
    \"<span class=sf-dump-key>ea</span>\" => <span class=sf-dump-num>1</span>
    \"<span class=sf-dump-key>sc</span>\" => <span class=sf-dump-num>0</span>
    \"<span class=sf-dump-key>sa</span>\" => <span class=sf-dump-num>0</span>
    \"<span class=sf-dump-key>site_maintenance</span>\" => <span class=sf-dump-num>0</span>
    \"<span class=sf-dump-key>language</span>\" => <span class=sf-dump-num>1</span>
    \"<span class=sf-dump-key>active_theme</span>\" => \"<span class=sf-dump-str title=\"7 characters\">primary</span>\"
    \"<span class=sf-dump-key>created_at</span>\" => <span class=sf-dump-const>null</span>
    \"<span class=sf-dump-key>updated_at</span>\" => \"<span class=sf-dump-str title=\"19 characters\">2025-04-19 16:17:10</span>\"
  </samp>]
  #<span class=sf-dump-protected title=\"Protected property\">changes</span>: []
  #<span class=sf-dump-protected title=\"Protected property\">casts</span>: <span class=sf-dump-note>array:3</span> [<samp data-depth=2 class=sf-dump-compact>
    \"<span class=sf-dump-key>mail_config</span>\" => \"<span class=sf-dump-str title=\"6 characters\">object</span>\"
    \"<span class=sf-dump-key>sms_config</span>\" => \"<span class=sf-dump-str title=\"6 characters\">object</span>\"
    \"<span class=sf-dump-key>universal_shortcodes</span>\" => \"<span class=sf-dump-str title=\"6 characters\">object</span>\"
  </samp>]
  #<span class=sf-dump-protected title=\"Protected property\">classCastCache</span>: []
  #<span class=sf-dump-protected title=\"Protected property\">attributeCastCache</span>: []
  #<span class=sf-dump-protected title=\"Protected property\">dateFormat</span>: <span class=sf-dump-const>null</span>
  #<span class=sf-dump-protected title=\"Protected property\">appends</span>: []
  #<span class=sf-dump-protected title=\"Protected property\">dispatchesEvents</span>: []
  #<span class=sf-dump-protected title=\"Protected property\">observables</span>: []
  #<span class=sf-dump-protected title=\"Protected property\">relations</span>: []
  #<span class=sf-dump-protected title=\"Protected property\">touches</span>: []
  +<span class=sf-dump-public title=\"Public property\">timestamps</span>: <span class=sf-dump-const>true</span>
  +<span class=sf-dump-public title=\"Public property\">usesUniqueIds</span>: <span class=sf-dump-const>false</span>
  #<span class=sf-dump-protected title=\"Protected property\">hidden</span>: <span class=sf-dump-note>array:4</span> [<samp data-depth=2 class=sf-dump-compact>
    <span class=sf-dump-index>0</span> => \"<span class=sf-dump-str title=\"14 characters\">email_template</span>\"
    <span class=sf-dump-index>1</span> => \"<span class=sf-dump-str title=\"11 characters\">mail_config</span>\"
    <span class=sf-dump-index>2</span> => \"<span class=sf-dump-str title=\"10 characters\">sms_config</span>\"
    <span class=sf-dump-index>3</span> => \"<span class=sf-dump-str title=\"11 characters\">system_info</span>\"
  </samp>]
  #<span class=sf-dump-protected title=\"Protected property\">visible</span>: []
  #<span class=sf-dump-protected title=\"Protected property\">fillable</span>: []
  #<span class=sf-dump-protected title=\"Protected property\">guarded</span>: <span class=sf-dump-note>array:1</span> [<samp data-depth=2 class=sf-dump-compact>
    <span class=sf-dump-index>0</span> => \"<span class=sf-dump-str>*</span>\"
  </samp>]
</samp>}
</pre><script>Sfdump(\"sf-dump-2144299269\", {\"maxDepth\":3,\"maxStringLength\":160})</script>
","activeTheme":"<pre class=sf-dump id=sf-dump-925548002 data-indent-pad=\"  \">\"<span class=sf-dump-str title=\"15 characters\">themes.primary.</span>\"
</pre><script>Sfdump(\"sf-dump-925548002\", {\"maxDepth\":3,\"maxStringLength\":160})</script>
","activeThemeTrue":"<pre class=sf-dump id=sf-dump-1062654879 data-indent-pad=\"  \">\"<span class=sf-dump-str title=\"22 characters\">assets/themes/primary/</span>\"
</pre><script>Sfdump(\"sf-dump-1062654879\", {\"maxDepth\":3,\"maxStringLength\":160})</script>
","emptyMessage":"<pre class=sf-dump id=sf-dump-678334815 data-indent-pad=\"  \">\"<span class=sf-dump-str title=\"13 characters\">No data found</span>\"
</pre><script>Sfdump(\"sf-dump-678334815\", {\"maxDepth\":3,\"maxStringLength\":160})</script>
","errors":"<pre class=sf-dump id=sf-dump-177837991 data-indent-pad=\"  \"><span class=sf-dump-note>Illuminate\\Support\\ViewErrorBag</span> {<a class=sf-dump-ref>#804</a><samp data-depth=1 class=sf-dump-expanded>
  #<span class=sf-dump-protected title=\"Protected property\">bags</span>: []
</samp>}
</pre><script>Sfdump(\"sf-dump-177837991\", {\"maxDepth\":3,\"maxStringLength\":160})</script>
","pageTitle":"<pre class=sf-dump id=sf-dump-886391192 data-indent-pad=\"  \">\"<span class=sf-dump-str title=\"11 characters\">Add Payment</span>\"
</pre><script>Sfdump(\"sf-dump-886391192\", {\"maxDepth\":3,\"maxStringLength\":160})</script>
","booking":"<pre class=sf-dump id=sf-dump-1117077063 data-indent-pad=\"  \"><span class=sf-dump-note>App\\Models\\Booking</span> {<a class=sf-dump-ref>#1822</a><samp data-depth=1 class=sf-dump-expanded>
  #<span class=sf-dump-protected title=\"Protected property\">connection</span>: \"<span class=sf-dump-str title=\"5 characters\">mysql</span>\"
  #<span class=sf-dump-protected title=\"Protected property\">table</span>: \"<span class=sf-dump-str title=\"8 characters\">bookings</span>\"
  #<span class=sf-dump-protected title=\"Protected property\">primaryKey</span>: \"<span class=sf-dump-str title=\"2 characters\">id</span>\"
  #<span class=sf-dump-protected title=\"Protected property\">keyType</span>: \"<span class=sf-dump-str title=\"3 characters\">int</span>\"
  +<span class=sf-dump-public title=\"Public property\">incrementing</span>: <span class=sf-dump-const>true</span>
  #<span class=sf-dump-protected title=\"Protected property\">with</span>: []
  #<span class=sf-dump-protected title=\"Protected property\">withCount</span>: []
  +<span class=sf-dump-public title=\"Public property\">preventsLazyLoading</span>: <span class=sf-dump-const>false</span>
  #<span class=sf-dump-protected title=\"Protected property\">perPage</span>: <span class=sf-dump-num>15</span>
  +<span class=sf-dump-public title=\"Public property\">exists</span>: <span class=sf-dump-const>true</span>
  +<span class=sf-dump-public title=\"Public property\">wasRecentlyCreated</span>: <span class=sf-dump-const>false</span>
  #<span class=sf-dump-protected title=\"Protected property\">escapeWhenCastingToString</span>: <span class=sf-dump-const>false</span>
  #<span class=sf-dump-protected title=\"Protected property\">attributes</span>: <span class=sf-dump-note>array:16</span> [<samp data-depth=2 class=sf-dump-compact>
    \"<span class=sf-dump-key>id</span>\" => <span class=sf-dump-num>44</span>
    \"<span class=sf-dump-key>customer_id</span>\" => <span class=sf-dump-num>36</span>
    \"<span class=sf-dump-key>booking_type</span>\" => <span class=sf-dump-num>1</span>
    \"<span class=sf-dump-key>booking_number</span>\" => \"<span class=sf-dump-str title=\"10 characters\">INS-000019</span>\"
    \"<span class=sf-dump-key>sale_price</span>\" => \"<span class=sf-dump-str title=\"9 characters\">600090.00</span>\"
    \"<span class=sf-dump-key>advance_price</span>\" => \"<span class=sf-dump-str title=\"6 characters\">700.00</span>\"
    \"<span class=sf-dump-key>due_price</span>\" => \"<span class=sf-dump-str title=\"9 characters\">597145.00</span>\"
    \"<span class=sf-dump-key>delivery_date</span>\" => \"<span class=sf-dump-str title=\"19 characters\">2026-02-09 22:23:47</span>\"
    \"<span class=sf-dump-key>booking_date</span>\" => \"<span class=sf-dump-str title=\"10 characters\">2026-06-02</span>\"
    \"<span class=sf-dump-key>payment_method</span>\" => \"<span class=sf-dump-str title=\"4 characters\">Cash</span>\"
    \"<span class=sf-dump-key>status</span>\" => <span class=sf-dump-num>1</span>
    \"<span class=sf-dump-key>booking_status</span>\" => \"<span class=sf-dump-str title=\"6 characters\">active</span>\"
    \"<span class=sf-dump-key>created_at</span>\" => \"<span class=sf-dump-str title=\"19 characters\">2026-02-06 16:32:00</span>\"
    \"<span class=sf-dump-key>updated_at</span>\" => \"<span class=sf-dump-str title=\"19 characters\">2026-02-09 22:23:47</span>\"
    \"<span class=sf-dump-key>total_payment_amount</span>\" => \"<span class=sf-dump-str title=\"7 characters\">2945.00</span>\"
    \"<span class=sf-dump-key>refund_amount</span>\" => <span class=sf-dump-const>null</span>
  </samp>]
  #<span class=sf-dump-protected title=\"Protected property\">original</span>: <span class=sf-dump-note>array:16</span> [<samp data-depth=2 class=sf-dump-compact>
    \"<span class=sf-dump-key>id</span>\" => <span class=sf-dump-num>44</span>
    \"<span class=sf-dump-key>customer_id</span>\" => <span class=sf-dump-num>36</span>
    \"<span class=sf-dump-key>booking_type</span>\" => <span class=sf-dump-num>1</span>
    \"<span class=sf-dump-key>booking_number</span>\" => \"<span class=sf-dump-str title=\"10 characters\">INS-000019</span>\"
    \"<span class=sf-dump-key>sale_price</span>\" => \"<span class=sf-dump-str title=\"9 characters\">600090.00</span>\"
    \"<span class=sf-dump-key>advance_price</span>\" => \"<span class=sf-dump-str title=\"6 characters\">700.00</span>\"
    \"<span class=sf-dump-key>due_price</span>\" => \"<span class=sf-dump-str title=\"9 characters\">597145.00</span>\"
    \"<span class=sf-dump-key>delivery_date</span>\" => \"<span class=sf-dump-str title=\"19 characters\">2026-02-09 22:23:47</span>\"
    \"<span class=sf-dump-key>booking_date</span>\" => \"<span class=sf-dump-str title=\"10 characters\">2026-06-02</span>\"
    \"<span class=sf-dump-key>payment_method</span>\" => \"<span class=sf-dump-str title=\"4 characters\">Cash</span>\"
    \"<span class=sf-dump-key>status</span>\" => <span class=sf-dump-num>1</span>
    \"<span class=sf-dump-key>booking_status</span>\" => \"<span class=sf-dump-str title=\"6 characters\">active</span>\"
    \"<span class=sf-dump-key>created_at</span>\" => \"<span class=sf-dump-str title=\"19 characters\">2026-02-06 16:32:00</span>\"
    \"<span class=sf-dump-key>updated_at</span>\" => \"<span class=sf-dump-str title=\"19 characters\">2026-02-09 22:23:47</span>\"
    \"<span class=sf-dump-key>total_payment_amount</span>\" => \"<span class=sf-dump-str title=\"7 characters\">2945.00</span>\"
    \"<span class=sf-dump-key>refund_amount</span>\" => <span class=sf-dump-const>null</span>
  </samp>]
  #<span class=sf-dump-protected title=\"Protected property\">changes</span>: []
  #<span class=sf-dump-protected title=\"Protected property\">casts</span>: []
  #<span class=sf-dump-protected title=\"Protected property\">classCastCache</span>: []
  #<span class=sf-dump-protected title=\"Protected property\">attributeCastCache</span>: []
  #<span class=sf-dump-protected title=\"Protected property\">dateFormat</span>: <span class=sf-dump-const>null</span>
  #<span class=sf-dump-protected title=\"Protected property\">appends</span>: []
  #<span class=sf-dump-protected title=\"Protected property\">dispatchesEvents</span>: []
  #<span class=sf-dump-protected title=\"Protected property\">observables</span>: []
  #<span class=sf-dump-protected title=\"Protected property\">relations</span>: <span class=sf-dump-note>array:1</span> [<samp data-depth=2 class=sf-dump-compact>
    \"<span class=sf-dump-key>cattle_bookings</span>\" => <span class=\"sf-dump-note sf-dump-ellipsization\" title=\"Illuminate\\Database\\Eloquent\\Collection
\"><span class=\"sf-dump-ellipsis sf-dump-ellipsis-note\">Illuminate\\Database\\Eloquent</span><span class=\"sf-dump-ellipsis sf-dump-ellipsis-note\">\\</span><span class=\"sf-dump-ellipsis-tail\">Collection</span></span> {<a class=sf-dump-ref>#1806</a><samp data-depth=3 class=sf-dump-compact>
      #<span class=sf-dump-protected title=\"Protected property\">items</span>: <span class=sf-dump-note>array:14</span> [ &#8230;14]
      #<span class=sf-dump-protected title=\"Protected property\">escapeWhenCastingToString</span>: <span class=sf-dump-const>false</span>
    </samp>}
  </samp>]
  #<span class=sf-dump-protected title=\"Protected property\">touches</span>: []
  +<span class=sf-dump-public title=\"Public property\">timestamps</span>: <span class=sf-dump-const>true</span>
  +<span class=sf-dump-public title=\"Public property\">usesUniqueIds</span>: <span class=sf-dump-const>false</span>
  #<span class=sf-dump-protected title=\"Protected property\">hidden</span>: []
  #<span class=sf-dump-protected title=\"Protected property\">visible</span>: []
  #<span class=sf-dump-protected title=\"Protected property\">fillable</span>: []
  #<span class=sf-dump-protected title=\"Protected property\">guarded</span>: <span class=sf-dump-note>array:1</span> [<samp data-depth=2 class=sf-dump-compact>
    <span class=sf-dump-index>0</span> => \"<span class=sf-dump-str>*</span>\"
  </samp>]
</samp>}
</pre><script>Sfdump(\"sf-dump-1117077063\", {\"maxDepth\":3,\"maxStringLength\":160})</script>
"}},"exception":"[object] (Spatie\\LaravelIgnition\\Exceptions\\ViewException(code: 0): Unmatched ')' at E:\\NexErp\\New folder\\resources\\views\\admin\\booking_payment\\create.blade.php:36)
[stacktrace]
#0 E:\\NexErp\\New folder\\vendor\\laravel\\framework\\src\\Illuminate\\Filesystem\\Filesystem.php(124): Illuminate\\Filesystem\\Filesystem::Illuminate\\Filesystem\\{closure}()
#1 E:\\NexErp\\New folder\\vendor\\laravel\\framework\\src\\Illuminate\\View\\Engines\\PhpEngine.php(58): Illuminate\\Filesystem\\Filesystem->getRequire('E:\\\\NexErp\\\\New f...', Array)
#2 E:\\NexErp\\New folder\\vendor\\laravel\\framework\\src\\Illuminate\\View\\Engines\\CompilerEngine.php(72): Illuminate\\View\\Engines\\PhpEngine->evaluatePath('E:\\\\NexErp\\\\New f...', Array)
#3 E:\\NexErp\\New folder\\vendor\\laravel\\framework\\src\\Illuminate\\View\\View.php(207): Illuminate\\View\\Engines\\CompilerEngine->get('E:\\\\NexErp\\\\New f...', Array)
#4 E:\\NexErp\\New folder\\vendor\\laravel\\framework\\src\\Illuminate\\View\\View.php(190): Illuminate\\View\\View->getContents()
#5 E:\\NexErp\\New folder\\vendor\\laravel\\framework\\src\\Illuminate\\View\\View.php(159): Illuminate\\View\\View->renderContents()
#6 E:\\NexErp\\New folder\\vendor\\laravel\\framework\\src\\Illuminate\\Http\\Response.php(69): Illuminate\\View\\View->render()
#7 E:\\NexErp\\New folder\\vendor\\laravel\\framework\\src\\Illuminate\\Http\\Response.php(35): Illuminate\\Http\\Response->setContent(Object(Illuminate\\View\\View))
#8 E:\\NexErp\\New folder\\vendor\\laravel\\framework\\src\\Illuminate\\Routing\\Router.php(918): Illuminate\\Http\\Response->__construct(Object(Illuminate\\View\\View), 200, Array)
#9 E:\\NexErp\\New folder\\vendor\\laravel\\framework\\src\\Illuminate\\Routing\\Router.php(885): Illuminate\\Routing\\Router::toResponse(Object(Illuminate\\Http\\Request), Object(Illuminate\\View\\View))
#10 E:\\NexErp\\New folder\\vendor\\laravel\\framework\\src\\Illuminate\\Routing\\Router.php(805): Illuminate\\Routing\\Router->prepareResponse(Object(Illuminate\\Http\\Request), Object(Illuminate\\View\\View))
#11 E:\\NexErp\\New folder\\vendor\\laravel\\framework\\src\\Illuminate\\Pipeline\\Pipeline.php(144): Illuminate\\Routing\\Router->Illuminate\\Routing\\{closure}(Object(Illuminate\\Http\\Request))
#12 E:\\NexErp\\New folder\\app\\Http\\Middleware\\RedirectIfNotAdmin.php(22): Illuminate\\Pipeline\\Pipeline->Illuminate\\Pipeline\\{closure}(Object(Illuminate\\Http\\Request))
#13 E:\\NexErp\\New folder\\vendor\\laravel\\framework\\src\\Illuminate\\Pipeline\\Pipeline.php(183): App\\Http\\Middleware\\RedirectIfNotAdmin->handle(Object(Illuminate\\Http\\Request), Object(Closure))
#14 E:\\NexErp\\New folder\\vendor\\barryvdh\\laravel-debugbar\\src\\Middleware\\InjectDebugbar.php(66): Illuminate\\Pipeline\\Pipeline->Illuminate\\Pipeline\\{closure}(Object(Illuminate\\Http\\Request))
#15 E:\\NexErp\\New folder\\vendor\\laravel\\framework\\src\\Illuminate\\Pipeline\\Pipeline.php(183): Barryvdh\\Debugbar\\Middleware\\InjectDebugbar->handle(Object(Illuminate\\Http\\Request), Object(Closure))
#16 E:\\NexErp\\New folder\\app\\Http\\Middleware\\LanguageMiddleware.php(22): Illuminate\\Pipeline\\Pipeline->Illuminate\\Pipeline\\{closure}(Object(Illuminate\\Http\\Request))
#17 E:\\NexErp\\New folder\\vendor\\laravel\\framework\\src\\Illuminate\\Pipeline\\Pipeline.php(183): App\\Http\\Middleware\\LanguageMiddleware->handle(Object(Illuminate\\Http\\Request), Object(Closure))
#18 E:\\NexErp\\New folder\\vendor\\laravel\\framework\\src\\Illuminate\\Routing\\Middleware\\SubstituteBindings.php(50): Illuminate\\Pipeline\\Pipeline->Illuminate\\Pipeline\\{closure}(Object(Illuminate\\Http\\Request))
#19 E:\\NexErp\\New folder\\vendor\\laravel\\framework\\src\\Illuminate\\Pipeline\\Pipeline.php(183): Illuminate\\Routing\\Middleware\\SubstituteBindings->handle(Object(Illuminate\\Http\\Request), Object(Closure))
#20 E:\\NexErp\\New folder\\vendor\\laravel\\framework\\src\\Illuminate\\Foundation\\Http\\Middleware\\VerifyCsrfToken.php(78): Illuminate\\Pipeline\\Pipeline->Illuminate\\Pipeline\\{closure}(Object(Illuminate\\Http\\Request))
#21 E:\\NexErp\\New folder\\vendor\\laravel\\framework\\src\\Illuminate\\Pipeline\\Pipeline.php(183): Illuminate\\Foundation\\Http\\Middleware\\VerifyCsrfToken->handle(Object(Illuminate\\Http\\Request), Object(Closure))
#22 E:\\NexErp\\New folder\\vendor\\laravel\\framework\\src\\Illuminate\\View\\Middleware\\ShareErrorsFromSession.php(49): Illuminate\\Pipeline\\Pipeline->Illuminate\\Pipeline\\{closure}(Object(Illuminate\\Http\\Request))
#23 E:\\NexErp\\New folder\\vendor\\laravel\\framework\\src\\Illuminate\\Pipeline\\Pipeline.php(183): Illuminate\\View\\Middleware\\ShareErrorsFromSession->handle(Object(Illuminate\\Http\\Request), Object(Closure))
#24 E:\\NexErp\\New folder\\vendor\\laravel\\framework\\src\\Illuminate\\Session\\Middleware\\StartSession.php(121): Illuminate\\Pipeline\\Pipeline->Illuminate\\Pipeline\\{closure}(Object(Illuminate\\Http\\Request))
#25 E:\\NexErp\\New folder\\vendor\\laravel\\framework\\src\\Illuminate\\Session\\Middleware\\StartSession.php(64): Illuminate\\Session\\Middleware\\StartSession->handleStatefulRequest(Object(Illuminate\\Http\\Request), Object(Illuminate\\Session\\Store), Object(Closure))
#26 E:\\NexErp\\New folder\\vendor\\laravel\\framework\\src\\Illuminate\\Pipeline\\Pipeline.php(183): Illuminate\\Session\\Middleware\\StartSession->handle(Object(Illuminate\\Http\\Request), Object(Closure))
#27 E:\\NexErp\\New folder\\vendor\\laravel\\framework\\src\\Illuminate\\Cookie\\Middleware\\AddQueuedCookiesToResponse.php(37): Illuminate\\Pipeline\\Pipeline->Illuminate\\Pipeline\\{closure}(Object(Illuminate\\Http\\Request))
#28 E:\\NexErp\\New folder\\vendor\\laravel\\framework\\src\\Illuminate\\Pipeline\\Pipeline.php(183): Illuminate\\Cookie\\Middleware\\AddQueuedCookiesToResponse->handle(Object(Illuminate\\Http\\Request), Object(Closure))
#29 E:\\NexErp\\New folder\\vendor\\laravel\\framework\\src\\Illuminate\\Cookie\\Middleware\\EncryptCookies.php(67): Illuminate\\Pipeline\\Pipeline->Illuminate\\Pipeline\\{closure}(Object(Illuminate\\Http\\Request))
#30 E:\\NexErp\\New folder\\vendor\\laravel\\framework\\src\\Illuminate\\Pipeline\\Pipeline.php(183): Illuminate\\Cookie\\Middleware\\EncryptCookies->handle(Object(Illuminate\\Http\\Request), Object(Closure))
#31 E:\\NexErp\\New folder\\vendor\\laravel\\framework\\src\\Illuminate\\Pipeline\\Pipeline.php(119): Illuminate\\Pipeline\\Pipeline->Illuminate\\Pipeline\\{closure}(Object(Illuminate\\Http\\Request))
#32 E:\\NexErp\\New folder\\vendor\\laravel\\framework\\src\\Illuminate\\Routing\\Router.php(805): Illuminate\\Pipeline\\Pipeline->then(Object(Closure))
#33 E:\\NexErp\\New folder\\vendor\\laravel\\framework\\src\\Illuminate\\Routing\\Router.php(784): Illuminate\\Routing\\Router->runRouteWithinStack(Object(Illuminate\\Routing\\Route), Object(Illuminate\\Http\\Request))
#34 E:\\NexErp\\New folder\\vendor\\laravel\\framework\\src\\Illuminate\\Routing\\Router.php(748): Illuminate\\Routing\\Router->runRoute(Object(Illuminate\\Http\\Request), Object(Illuminate\\Routing\\Route))
#35 E:\\NexErp\\New folder\\vendor\\laravel\\framework\\src\\Illuminate\\Routing\\Router.php(737): Illuminate\\Routing\\Router->dispatchToRoute(Object(Illuminate\\Http\\Request))
#36 E:\\NexErp\\New folder\\vendor\\laravel\\framework\\src\\Illuminate\\Foundation\\Http\\Kernel.php(200): Illuminate\\Routing\\Router->dispatch(Object(Illuminate\\Http\\Request))
#37 E:\\NexErp\\New folder\\vendor\\laravel\\framework\\src\\Illuminate\\Pipeline\\Pipeline.php(144): Illuminate\\Foundation\\Http\\Kernel->Illuminate\\Foundation\\Http\\{closure}(Object(Illuminate\\Http\\Request))
#38 E:\\NexErp\\New folder\\vendor\\beyondcode\\laravel-query-detector\\src\\QueryDetectorMiddleware.php(33): Illuminate\\Pipeline\\Pipeline->Illuminate\\Pipeline\\{closure}(Object(Illuminate\\Http\\Request))
#39 E:\\NexErp\\New folder\\vendor\\laravel\\framework\\src\\Illuminate\\Pipeline\\Pipeline.php(183): BeyondCode\\QueryDetector\\QueryDetectorMiddleware->handle(Object(Illuminate\\Http\\Request), Object(Closure))
#40 E:\\NexErp\\New folder\\vendor\\barryvdh\\laravel-debugbar\\src\\Middleware\\InjectDebugbar.php(66): Illuminate\\Pipeline\\Pipeline->Illuminate\\Pipeline\\{closure}(Object(Illuminate\\Http\\Request))
#41 E:\\NexErp\\New folder\\vendor\\laravel\\framework\\src\\Illuminate\\Pipeline\\Pipeline.php(183): Barryvdh\\Debugbar\\Middleware\\InjectDebugbar->handle(Object(Illuminate\\Http\\Request), Object(Closure))
#42 E:\\NexErp\\New folder\\vendor\\laravel\\framework\\src\\Illuminate\\Foundation\\Http\\Middleware\\TransformsRequest.php(21): Illuminate\\Pipeline\\Pipeline->Illuminate\\Pipeline\\{closure}(Object(Illuminate\\Http\\Request))
#43 E:\\NexErp\\New folder\\vendor\\laravel\\framework\\src\\Illuminate\\Foundation\\Http\\Middleware\\ConvertEmptyStringsToNull.php(31): Illuminate\\Foundation\\Http\\Middleware\\TransformsRequest->handle(Object(Illuminate\\Http\\Request), Object(Closure))
#44 E:\\NexErp\\New folder\\vendor\\laravel\\framework\\src\\Illuminate\\Pipeline\\Pipeline.php(183): Illuminate\\Foundation\\Http\\Middleware\\ConvertEmptyStringsToNull->handle(Object(Illuminate\\Http\\Request), Object(Closure))
#45 E:\\NexErp\\New folder\\vendor\\laravel\\framework\\src\\Illuminate\\Foundation\\Http\\Middleware\\TransformsRequest.php(21): Illuminate\\Pipeline\\Pipeline->Illuminate\\Pipeline\\{closure}(Object(Illuminate\\Http\\Request))
#46 E:\\NexErp\\New folder\\vendor\\laravel\\framework\\src\\Illuminate\\Foundation\\Http\\Middleware\\TrimStrings.php(40): Illuminate\\Foundation\\Http\\Middleware\\TransformsRequest->handle(Object(Illuminate\\Http\\Request), Object(Closure))
#47 E:\\NexErp\\New folder\\vendor\\laravel\\framework\\src\\Illuminate\\Pipeline\\Pipeline.php(183): Illuminate\\Foundation\\Http\\Middleware\\TrimStrings->handle(Object(Illuminate\\Http\\Request), Object(Closure))
#48 E:\\NexErp\\New folder\\vendor\\laravel\\framework\\src\\Illuminate\\Foundation\\Http\\Middleware\\ValidatePostSize.php(27): Illuminate\\Pipeline\\Pipeline->Illuminate\\Pipeline\\{closure}(Object(Illuminate\\Http\\Request))
#49 E:\\NexErp\\New folder\\vendor\\laravel\\framework\\src\\Illuminate\\Pipeline\\Pipeline.php(183): Illuminate\\Foundation\\Http\\Middleware\\ValidatePostSize->handle(Object(Illuminate\\Http\\Request), Object(Closure))
#50 E:\\NexErp\\New folder\\vendor\\laravel\\framework\\src\\Illuminate\\Foundation\\Http\\Middleware\\PreventRequestsDuringMaintenance.php(99): Illuminate\\Pipeline\\Pipeline->Illuminate\\Pipeline\\{closure}(Object(Illuminate\\Http\\Request))
#51 E:\\NexErp\\New folder\\vendor\\laravel\\framework\\src\\Illuminate\\Pipeline\\Pipeline.php(183): Illuminate\\Foundation\\Http\\Middleware\\PreventRequestsDuringMaintenance->handle(Object(Illuminate\\Http\\Request), Object(Closure))
#52 E:\\NexErp\\New folder\\vendor\\laravel\\framework\\src\\Illuminate\\Http\\Middleware\\HandleCors.php(49): Illuminate\\Pipeline\\Pipeline->Illuminate\\Pipeline\\{closure}(Object(Illuminate\\Http\\Request))
#53 E:\\NexErp\\New folder\\vendor\\laravel\\framework\\src\\Illuminate\\Pipeline\\Pipeline.php(183): Illuminate\\Http\\Middleware\\HandleCors->handle(Object(Illuminate\\Http\\Request), Object(Closure))
#54 E:\\NexErp\\New folder\\vendor\\laravel\\framework\\src\\Illuminate\\Http\\Middleware\\TrustProxies.php(39): Illuminate\\Pipeline\\Pipeline->Illuminate\\Pipeline\\{closure}(Object(Illuminate\\Http\\Request))
#55 E:\\NexErp\\New folder\\vendor\\laravel\\framework\\src\\Illuminate\\Pipeline\\Pipeline.php(183): Illuminate\\Http\\Middleware\\TrustProxies->handle(Object(Illuminate\\Http\\Request), Object(Closure))
#56 E:\\NexErp\\New folder\\vendor\\laravel\\framework\\src\\Illuminate\\Pipeline\\Pipeline.php(119): Illuminate\\Pipeline\\Pipeline->Illuminate\\Pipeline\\{closure}(Object(Illuminate\\Http\\Request))
#57 E:\\NexErp\\New folder\\vendor\\laravel\\framework\\src\\Illuminate\\Foundation\\Http\\Kernel.php(175): Illuminate\\Pipeline\\Pipeline->then(Object(Closure))
#58 E:\\NexErp\\New folder\\vendor\\laravel\\framework\\src\\Illuminate\\Foundation\\Http\\Kernel.php(144): Illuminate\\Foundation\\Http\\Kernel->sendRequestThroughRouter(Object(Illuminate\\Http\\Request))
#59 E:\\NexErp\\New folder\\public\\index.php(51): Illuminate\\Foundation\\Http\\Kernel->handle(Object(Illuminate\\Http\\Request))
#60 E:\\NexErp\\New folder\\vendor\\laravel\\framework\\src\\Illuminate\\Foundation\\resources\\server.php(16): require_once('E:\\\\NexErp\\\\New f...')
#61 {main}

[previous exception] [object] (ParseError(code: 0): Unmatched ')' at E:\\NexErp\\New folder\\storage\\framework\\views\\7853e03fcd6cf1b19997a008fdf237cd.php:35)
[stacktrace]
#0 E:\\NexErp\\New folder\\vendor\\laravel\\framework\\src\\Illuminate\\Filesystem\\Filesystem.php(124): Illuminate\\Filesystem\\Filesystem::Illuminate\\Filesystem\\{closure}()
#1 E:\\NexErp\\New folder\\vendor\\laravel\\framework\\src\\Illuminate\\View\\Engines\\PhpEngine.php(58): Illuminate\\Filesystem\\Filesystem->getRequire('E:\\\\NexErp\\\\New f...', Array)
#2 E:\\NexErp\\New folder\\vendor\\laravel\\framework\\src\\Illuminate\\View\\Engines\\CompilerEngine.php(72): Illuminate\\View\\Engines\\PhpEngine->evaluatePath('E:\\\\NexErp\\\\New f...', Array)
#3 E:\\NexErp\\New folder\\vendor\\laravel\\framework\\src\\Illuminate\\View\\View.php(207): Illuminate\\View\\Engines\\CompilerEngine->get('E:\\\\NexErp\\\\New f...', Array)
#4 E:\\NexErp\\New folder\\vendor\\laravel\\framework\\src\\Illuminate\\View\\View.php(190): Illuminate\\View\\View->getContents()
#5 E:\\NexErp\\New folder\\vendor\\laravel\\framework\\src\\Illuminate\\View\\View.php(159): Illuminate\\View\\View->renderContents()
#6 E:\\NexErp\\New folder\\vendor\\laravel\\framework\\src\\Illuminate\\Http\\Response.php(69): Illuminate\\View\\View->render()
#7 E:\\NexErp\\New folder\\vendor\\laravel\\framework\\src\\Illuminate\\Http\\Response.php(35): Illuminate\\Http\\Response->setContent(Object(Illuminate\\View\\View))
#8 E:\\NexErp\\New folder\\vendor\\laravel\\framework\\src\\Illuminate\\Routing\\Router.php(918): Illuminate\\Http\\Response->__construct(Object(Illuminate\\View\\View), 200, Array)
#9 E:\\NexErp\\New folder\\vendor\\laravel\\framework\\src\\Illuminate\\Routing\\Router.php(885): Illuminate\\Routing\\Router::toResponse(Object(Illuminate\\Http\\Request), Object(Illuminate\\View\\View))
#10 E:\\NexErp\\New folder\\vendor\\laravel\\framework\\src\\Illuminate\\Routing\\Router.php(805): Illuminate\\Routing\\Router->prepareResponse(Object(Illuminate\\Http\\Request), Object(Illuminate\\View\\View))
#11 E:\\NexErp\\New folder\\vendor\\laravel\\framework\\src\\Illuminate\\Pipeline\\Pipeline.php(144): Illuminate\\Routing\\Router->Illuminate\\Routing\\{closure}(Object(Illuminate\\Http\\Request))
#12 E:\\NexErp\\New folder\\app\\Http\\Middleware\\RedirectIfNotAdmin.php(22): Illuminate\\Pipeline\\Pipeline->Illuminate\\Pipeline\\{closure}(Object(Illuminate\\Http\\Request))
#13 E:\\NexErp\\New folder\\vendor\\laravel\\framework\\src\\Illuminate\\Pipeline\\Pipeline.php(183): App\\Http\\Middleware\\RedirectIfNotAdmin->handle(Object(Illuminate\\Http\\Request), Object(Closure))
#14 E:\\NexErp\\New folder\\vendor\\barryvdh\\laravel-debugbar\\src\\Middleware\\InjectDebugbar.php(66): Illuminate\\Pipeline\\Pipeline->Illuminate\\Pipeline\\{closure}(Object(Illuminate\\Http\\Request))
#15 E:\\NexErp\\New folder\\vendor\\laravel\\framework\\src\\Illuminate\\Pipeline\\Pipeline.php(183): Barryvdh\\Debugbar\\Middleware\\InjectDebugbar->handle(Object(Illuminate\\Http\\Request), Object(Closure))
#16 E:\\NexErp\\New folder\\app\\Http\\Middleware\\LanguageMiddleware.php(22): Illuminate\\Pipeline\\Pipeline->Illuminate\\Pipeline\\{closure}(Object(Illuminate\\Http\\Request))
#17 E:\\NexErp\\New folder\\vendor\\laravel\\framework\\src\\Illuminate\\Pipeline\\Pipeline.php(183): App\\Http\\Middleware\\LanguageMiddleware->handle(Object(Illuminate\\Http\\Request), Object(Closure))
#18 E:\\NexErp\\New folder\\vendor\\laravel\\framework\\src\\Illuminate\\Routing\\Middleware\\SubstituteBindings.php(50): Illuminate\\Pipeline\\Pipeline->Illuminate\\Pipeline\\{closure}(Object(Illuminate\\Http\\Request))
#19 E:\\NexErp\\New folder\\vendor\\laravel\\framework\\src\\Illuminate\\Pipeline\\Pipeline.php(183): Illuminate\\Routing\\Middleware\\SubstituteBindings->handle(Object(Illuminate\\Http\\Request), Object(Closure))
#20 E:\\NexErp\\New folder\\vendor\\laravel\\framework\\src\\Illuminate\\Foundation\\Http\\Middleware\\VerifyCsrfToken.php(78): Illuminate\\Pipeline\\Pipeline->Illuminate\\Pipeline\\{closure}(Object(Illuminate\\Http\\Request))
#21 E:\\NexErp\\New folder\\vendor\\laravel\\framework\\src\\Illuminate\\Pipeline\\Pipeline.php(183): Illuminate\\Foundation\\Http\\Middleware\\VerifyCsrfToken->handle(Object(Illuminate\\Http\\Request), Object(Closure))
#22 E:\\NexErp\\New folder\\vendor\\laravel\\framework\\src\\Illuminate\\View\\Middleware\\ShareErrorsFromSession.php(49): Illuminate\\Pipeline\\Pipeline->Illuminate\\Pipeline\\{closure}(Object(Illuminate\\Http\\Request))
#23 E:\\NexErp\\New folder\\vendor\\laravel\\framework\\src\\Illuminate\\Pipeline\\Pipeline.php(183): Illuminate\\View\\Middleware\\ShareErrorsFromSession->handle(Object(Illuminate\\Http\\Request), Object(Closure))
#24 E:\\NexErp\\New folder\\vendor\\laravel\\framework\\src\\Illuminate\\Session\\Middleware\\StartSession.php(121): Illuminate\\Pipeline\\Pipeline->Illuminate\\Pipeline\\{closure}(Object(Illuminate\\Http\\Request))
#25 E:\\NexErp\\New folder\\vendor\\laravel\\framework\\src\\Illuminate\\Session\\Middleware\\StartSession.php(64): Illuminate\\Session\\Middleware\\StartSession->handleStatefulRequest(Object(Illuminate\\Http\\Request), Object(Illuminate\\Session\\Store), Object(Closure))
#26 E:\\NexErp\\New folder\\vendor\\laravel\\framework\\src\\Illuminate\\Pipeline\\Pipeline.php(183): Illuminate\\Session\\Middleware\\StartSession->handle(Object(Illuminate\\Http\\Request), Object(Closure))
#27 E:\\NexErp\\New folder\\vendor\\laravel\\framework\\src\\Illuminate\\Cookie\\Middleware\\AddQueuedCookiesToResponse.php(37): Illuminate\\Pipeline\\Pipeline->Illuminate\\Pipeline\\{closure}(Object(Illuminate\\Http\\Request))
#28 E:\\NexErp\\New folder\\vendor\\laravel\\framework\\src\\Illuminate\\Pipeline\\Pipeline.php(183): Illuminate\\Cookie\\Middleware\\AddQueuedCookiesToResponse->handle(Object(Illuminate\\Http\\Request), Object(Closure))
#29 E:\\NexErp\\New folder\\vendor\\laravel\\framework\\src\\Illuminate\\Cookie\\Middleware\\EncryptCookies.php(67): Illuminate\\Pipeline\\Pipeline->Illuminate\\Pipeline\\{closure}(Object(Illuminate\\Http\\Request))
#30 E:\\NexErp\\New folder\\vendor\\laravel\\framework\\src\\Illuminate\\Pipeline\\Pipeline.php(183): Illuminate\\Cookie\\Middleware\\EncryptCookies->handle(Object(Illuminate\\Http\\Request), Object(Closure))
#31 E:\\NexErp\\New folder\\vendor\\laravel\\framework\\src\\Illuminate\\Pipeline\\Pipeline.php(119): Illuminate\\Pipeline\\Pipeline->Illuminate\\Pipeline\\{closure}(Object(Illuminate\\Http\\Request))
#32 E:\\NexErp\\New folder\\vendor\\laravel\\framework\\src\\Illuminate\\Routing\\Router.php(805): Illuminate\\Pipeline\\Pipeline->then(Object(Closure))
#33 E:\\NexErp\\New folder\\vendor\\laravel\\framework\\src\\Illuminate\\Routing\\Router.php(784): Illuminate\\Routing\\Router->runRouteWithinStack(Object(Illuminate\\Routing\\Route), Object(Illuminate\\Http\\Request))
#34 E:\\NexErp\\New folder\\vendor\\laravel\\framework\\src\\Illuminate\\Routing\\Router.php(748): Illuminate\\Routing\\Router->runRoute(Object(Illuminate\\Http\\Request), Object(Illuminate\\Routing\\Route))
#35 E:\\NexErp\\New folder\\vendor\\laravel\\framework\\src\\Illuminate\\Routing\\Router.php(737): Illuminate\\Routing\\Router->dispatchToRoute(Object(Illuminate\\Http\\Request))
#36 E:\\NexErp\\New folder\\vendor\\laravel\\framework\\src\\Illuminate\\Foundation\\Http\\Kernel.php(200): Illuminate\\Routing\\Router->dispatch(Object(Illuminate\\Http\\Request))
#37 E:\\NexErp\\New folder\\vendor\\laravel\\framework\\src\\Illuminate\\Pipeline\\Pipeline.php(144): Illuminate\\Foundation\\Http\\Kernel->Illuminate\\Foundation\\Http\\{closure}(Object(Illuminate\\Http\\Request))
#38 E:\\NexErp\\New folder\\vendor\\beyondcode\\laravel-query-detector\\src\\QueryDetectorMiddleware.php(33): Illuminate\\Pipeline\\Pipeline->Illuminate\\Pipeline\\{closure}(Object(Illuminate\\Http\\Request))
#39 E:\\NexErp\\New folder\\vendor\\laravel\\framework\\src\\Illuminate\\Pipeline\\Pipeline.php(183): BeyondCode\\QueryDetector\\QueryDetectorMiddleware->handle(Object(Illuminate\\Http\\Request), Object(Closure))
#40 E:\\NexErp\\New folder\\vendor\\barryvdh\\laravel-debugbar\\src\\Middleware\\InjectDebugbar.php(66): Illuminate\\Pipeline\\Pipeline->Illuminate\\Pipeline\\{closure}(Object(Illuminate\\Http\\Request))
#41 E:\\NexErp\\New folder\\vendor\\laravel\\framework\\src\\Illuminate\\Pipeline\\Pipeline.php(183): Barryvdh\\Debugbar\\Middleware\\InjectDebugbar->handle(Object(Illuminate\\Http\\Request), Object(Closure))
#42 E:\\NexErp\\New folder\\vendor\\laravel\\framework\\src\\Illuminate\\Foundation\\Http\\Middleware\\TransformsRequest.php(21): Illuminate\\Pipeline\\Pipeline->Illuminate\\Pipeline\\{closure}(Object(Illuminate\\Http\\Request))
#43 E:\\NexErp\\New folder\\vendor\\laravel\\framework\\src\\Illuminate\\Foundation\\Http\\Middleware\\ConvertEmptyStringsToNull.php(31): Illuminate\\Foundation\\Http\\Middleware\\TransformsRequest->handle(Object(Illuminate\\Http\\Request), Object(Closure))
#44 E:\\NexErp\\New folder\\vendor\\laravel\\framework\\src\\Illuminate\\Pipeline\\Pipeline.php(183): Illuminate\\Foundation\\Http\\Middleware\\ConvertEmptyStringsToNull->handle(Object(Illuminate\\Http\\Request), Object(Closure))
#45 E:\\NexErp\\New folder\\vendor\\laravel\\framework\\src\\Illuminate\\Foundation\\Http\\Middleware\\TransformsRequest.php(21): Illuminate\\Pipeline\\Pipeline->Illuminate\\Pipeline\\{closure}(Object(Illuminate\\Http\\Request))
#46 E:\\NexErp\\New folder\\vendor\\laravel\\framework\\src\\Illuminate\\Foundation\\Http\\Middleware\\TrimStrings.php(40): Illuminate\\Foundation\\Http\\Middleware\\TransformsRequest->handle(Object(Illuminate\\Http\\Request), Object(Closure))
#47 E:\\NexErp\\New folder\\vendor\\laravel\\framework\\src\\Illuminate\\Pipeline\\Pipeline.php(183): Illuminate\\Foundation\\Http\\Middleware\\TrimStrings->handle(Object(Illuminate\\Http\\Request), Object(Closure))
#48 E:\\NexErp\\New folder\\vendor\\laravel\\framework\\src\\Illuminate\\Foundation\\Http\\Middleware\\ValidatePostSize.php(27): Illuminate\\Pipeline\\Pipeline->Illuminate\\Pipeline\\{closure}(Object(Illuminate\\Http\\Request))
#49 E:\\NexErp\\New folder\\vendor\\laravel\\framework\\src\\Illuminate\\Pipeline\\Pipeline.php(183): Illuminate\\Foundation\\Http\\Middleware\\ValidatePostSize->handle(Object(Illuminate\\Http\\Request), Object(Closure))
#50 E:\\NexErp\\New folder\\vendor\\laravel\\framework\\src\\Illuminate\\Foundation\\Http\\Middleware\\PreventRequestsDuringMaintenance.php(99): Illuminate\\Pipeline\\Pipeline->Illuminate\\Pipeline\\{closure}(Object(Illuminate\\Http\\Request))
#51 E:\\NexErp\\New folder\\vendor\\laravel\\framework\\src\\Illuminate\\Pipeline\\Pipeline.php(183): Illuminate\\Foundation\\Http\\Middleware\\PreventRequestsDuringMaintenance->handle(Object(Illuminate\\Http\\Request), Object(Closure))
#52 E:\\NexErp\\New folder\\vendor\\laravel\\framework\\src\\Illuminate\\Http\\Middleware\\HandleCors.php(49): Illuminate\\Pipeline\\Pipeline->Illuminate\\Pipeline\\{closure}(Object(Illuminate\\Http\\Request))
#53 E:\\NexErp\\New folder\\vendor\\laravel\\framework\\src\\Illuminate\\Pipeline\\Pipeline.php(183): Illuminate\\Http\\Middleware\\HandleCors->handle(Object(Illuminate\\Http\\Request), Object(Closure))
#54 E:\\NexErp\\New folder\\vendor\\laravel\\framework\\src\\Illuminate\\Http\\Middleware\\TrustProxies.php(39): Illuminate\\Pipeline\\Pipeline->Illuminate\\Pipeline\\{closure}(Object(Illuminate\\Http\\Request))
#55 E:\\NexErp\\New folder\\vendor\\laravel\\framework\\src\\Illuminate\\Pipeline\\Pipeline.php(183): Illuminate\\Http\\Middleware\\TrustProxies->handle(Object(Illuminate\\Http\\Request), Object(Closure))
#56 E:\\NexErp\\New folder\\vendor\\laravel\\framework\\src\\Illuminate\\Pipeline\\Pipeline.php(119): Illuminate\\Pipeline\\Pipeline->Illuminate\\Pipeline\\{closure}(Object(Illuminate\\Http\\Request))
#57 E:\\NexErp\\New folder\\vendor\\laravel\\framework\\src\\Illuminate\\Foundation\\Http\\Kernel.php(175): Illuminate\\Pipeline\\Pipeline->then(Object(Closure))
#58 E:\\NexErp\\New folder\\vendor\\laravel\\framework\\src\\Illuminate\\Foundation\\Http\\Kernel.php(144): Illuminate\\Foundation\\Http\\Kernel->sendRequestThroughRouter(Object(Illuminate\\Http\\Request))
#59 E:\\NexErp\\New folder\\public\\index.php(51): Illuminate\\Foundation\\Http\\Kernel->handle(Object(Illuminate\\Http\\Request))
#60 E:\\NexErp\\New folder\\vendor\\laravel\\framework\\src\\Illuminate\\Foundation\\resources\\server.php(16): require_once('E:\\\\NexErp\\\\New f...')
#61 {main}
"} 
